<?xml version="1.0" encoding="UTF-8"?>
<!-- Generated by org.testng.reporters.JUnitReportReporter -->
<testsuite skipped="0" hostname="DESKTOP-0TKBUGG" name="tasks.InsertJson" tests="1" failures="0" timestamp="30 Aug 2019 13:11:15 GMT" time="2.140" errors="0">
  <testcase name="test" time="2.140" classname="tasks.InsertJson"/>
</testsuite> <!-- tasks.InsertJson -->
