<?xml version="1.0" encoding="UTF-8"?>
<!-- Generated by org.testng.reporters.JUnitReportReporter -->
<testsuite skipped="0" hostname="DESKTOP-0TKBUGG" name="tasks.Task1CheckingAllLinks" tests="1" failures="0" timestamp="22 Aug 2019 11:43:25 GMT" time="0.028" errors="0">
  <testcase name="cookies" time="0.028" classname="tasks.Task1CheckingAllLinks"/>
</testsuite> <!-- tasks.Task1CheckingAllLinks -->
