<?xml version="1.0" encoding="UTF-8"?>
<!-- Generated by org.testng.reporters.JUnitReportReporter -->
<testsuite skipped="0" hostname="DESKTOP-0TKBUGG" name="tasks.DbConnectionex" tests="1" failures="0" timestamp="28 Aug 2019 06:46:21 GMT" time="2.232" errors="0">
  <testcase name="testdb" time="2.232" classname="tasks.DbConnectionex"/>
</testsuite> <!-- tasks.DbConnectionex -->
