<?xml version="1.0" encoding="UTF-8"?>
<!-- Generated by org.testng.reporters.JUnitReportReporter -->
<testsuite skipped="0" hostname="DESKTOP-0TKBUGG" name="tasks.LoginAutomate" tests="1" failures="0" timestamp="27 Aug 2019 11:29:34 GMT" time="13.904" errors="0">
  <testcase name="AutomateLogin" time="13.904" classname="tasks.LoginAutomate"/>
</testsuite> <!-- tasks.LoginAutomate -->
