<?xml version="1.0" encoding="UTF-8"?>
<!-- Generated by org.testng.reporters.JUnitReportReporter -->
<testsuite skipped="0" hostname="DESKTOP-0TKBUGG" name="tasks.TableInJson" tests="1" failures="0" timestamp="29 Aug 2019 09:59:26 GMT" time="2.263" errors="0">
  <testcase name="table" time="2.263" classname="tasks.TableInJson"/>
</testsuite> <!-- tasks.TableInJson -->
