<?xml version="1.0" encoding="UTF-8"?>
<!-- Generated by org.testng.reporters.JUnitReportReporter -->
<testsuite skipped="0" hostname="DESKTOP-0TKBUGG" name="tasks.Patternprinting" tests="1" failures="0" timestamp="28 Aug 2019 10:54:40 GMT" time="0.006" errors="0">
  <testcase name="pattern" time="0.006" classname="tasks.Patternprinting"/>
</testsuite> <!-- tasks.Patternprinting -->
