<?xml version="1.0" encoding="UTF-8"?>
<!-- Generated by org.testng.reporters.JUnitReportReporter -->
<testsuite skipped="0" hostname="DESKTOP-0TKBUGG" name="tasks.DataBaseConnection" tests="1" failures="0" timestamp="28 Aug 2019 05:57:25 GMT" time="2.412" errors="0">
  <testcase name="testdb" time="2.412" classname="tasks.DataBaseConnection"/>
</testsuite> <!-- tasks.DataBaseConnection -->
