<?xml version="1.0" encoding="UTF-8"?>
<!-- Generated by org.testng.reporters.JUnitReportReporter -->
<testsuite skipped="0" hostname="DESKTOP-0TKBUGG" name="tasks.Task4" tests="1" failures="0" timestamp="23 Aug 2019 13:38:24 GMT" time="0.011" errors="0">
  <testcase name="task1" time="0.011" classname="tasks.Task4"/>
</testsuite> <!-- tasks.Task4 -->
